<?xml version="1.0" encoding="UTF-8" ?>
<testsuite failures="0" time="5.117" errors="0" skipped="0" tests="1" name="org.mule.absoluterule.examples.validation.ValidationTestCase">
  <properties>
    <property name="java.runtime.name" value="Java(TM) SE Runtime Environment"/>
    <property name="sun.boot.library.path" value="/System/Library/Frameworks/JavaVM.framework/Versions/1.6.0/Libraries"/>
    <property name="java.vm.version" value="14.1-b02-90"/>
    <property name="awt.nativeDoubleBuffering" value="true"/>
    <property name="gopherProxySet" value="false"/>
    <property name="java.vm.vendor" value="Apple Inc."/>
    <property name="java.vendor.url" value="http://www.apple.com/"/>
    <property name="path.separator" value=":"/>
    <property name="java.vm.name" value="Java HotSpot(TM) 64-Bit Server VM"/>
    <property name="file.encoding.pkg" value="sun.io"/>
    <property name="user.country" value="US"/>
    <property name="sun.java.launcher" value="SUN_STANDARD"/>
    <property name="sun.os.patch.level" value="unknown"/>
    <property name="java.vm.specification.name" value="Java Virtual Machine Specification"/>
    <property name="user.dir" value="/Users/estebanroblesluna/Documents/workspaceActivitiGIT/whatisongithub/mule-module-absoluterule-examples/mule-module-absoluterule-validation"/>
    <property name="java.runtime.version" value="1.6.0_15-b03-219"/>
    <property name="java.awt.graphicsenv" value="apple.awt.CGraphicsEnvironment"/>
    <property name="basedir" value="/Users/estebanroblesluna/Documents/workspaceActivitiGIT/whatisongithub/mule-module-absoluterule-examples/mule-module-absoluterule-validation"/>
    <property name="java.endorsed.dirs" value="/System/Library/Frameworks/JavaVM.framework/Versions/1.6.0/Home/lib/endorsed"/>
    <property name="os.arch" value="x86_64"/>
    <property name="surefire.real.class.path" value="/var/folders/56/56-IqOdSEjCm79mYJ39kUU+++TI/-Tmp-/surefirebooter2485049962561790134.jar"/>
    <property name="java.io.tmpdir" value="/var/folders/56/56-IqOdSEjCm79mYJ39kUU+++TI/-Tmp-/"/>
    <property name="line.separator" value="
"/>
    <property name="java.vm.specification.vendor" value="Sun Microsystems Inc."/>
    <property name="os.name" value="Mac OS X"/>
    <property name="sun.jnu.encoding" value="MacRoman"/>
    <property name="java.library.path" value=".:/Library/Java/Extensions:/System/Library/Java/Extensions:/usr/lib/java"/>
    <property name="surefire.test.class.path" value="/Users/estebanroblesluna/Documents/workspaceActivitiGIT/whatisongithub/mule-module-absoluterule-examples/mule-module-absoluterule-validation/target/test-classes:/Users/estebanroblesluna/Documents/workspaceActivitiGIT/whatisongithub/mule-module-absoluterule-examples/mule-module-absoluterule-validation/target/classes:/tmp/absrule/org/mule/modules/mule-module-absoluterule/3.1.1/mule-module-absoluterule-3.1.1.jar:/tmp/absrule/org/mule/mule-core/3.1.1/mule-core-3.1.1.jar:/tmp/absrule/commons-beanutils/commons-beanutils/1.8.0/commons-beanutils-1.8.0.jar:/tmp/absrule/org/safehaus/jug/jug/2.0.0/jug-2.0.0-asl.jar:/tmp/absrule/backport-util-concurrent/backport-util-concurrent/3.1-osgi/backport-util-concurrent-3.1-osgi.jar:/tmp/absrule/commons-cli/commons-cli/1.2/commons-cli-1.2.jar:/tmp/absrule/commons-collections/commons-collections/3.2.1/commons-collections-3.2.1.jar:/tmp/absrule/commons-io/commons-io/1.4/commons-io-1.4.jar:/tmp/absrule/commons-lang/commons-lang/2.4/commons-lang-2.4.jar:/tmp/absrule/commons-pool/commons-pool/1.5.3/commons-pool-1.5.3.jar:/tmp/absrule/javax/activation/activation/1.1-osgi/activation-1.1-osgi.jar:/tmp/absrule/org/apache/geronimo/specs/geronimo-jta_1.0.1B_spec/1.1-osgi/geronimo-jta_1.0.1B_spec-1.1-osgi.jar:/tmp/absrule/org/apache/geronimo/specs/geronimo-j2ee-connector_1.5_spec/1.1-osgi/geronimo-j2ee-connector_1.5_spec-1.1-osgi.jar:/tmp/absrule/javax/annotation/jsr250-api/1.0/jsr250-api-1.0.jar:/tmp/absrule/org/slf4j/jcl-over-slf4j/1.6.1/jcl-over-slf4j-1.6.1.jar:/tmp/absrule/org/slf4j/slf4j-api/1.6.1/slf4j-api-1.6.1.jar:/tmp/absrule/org/slf4j/slf4j-log4j12/1.6.1/slf4j-log4j12-1.6.1.jar:/tmp/absrule/log4j/log4j/1.2.14/log4j-1.2.14.jar:/tmp/absrule/asm/asm/3.1/asm-3.1.jar:/tmp/absrule/asm/asm-commons/3.1/asm-commons-3.1.jar:/tmp/absrule/asm/asm-tree/3.1/asm-tree-3.1.jar:/tmp/absrule/junit/junit/4.8.1/junit-4.8.1.jar:/tmp/absrule/org/mule/transports/mule-transport-vm/3.1.1/mule-transport-vm-3.1.1.jar:/tmp/absrule/org/mule/modules/mule-module-xml/3.1.1/mule-module-xml-3.1.1.jar:/tmp/absrule/org/mule/modules/mule-module-spring-config/3.1.1/mule-module-spring-config-3.1.1.jar:/tmp/absrule/org/mule/modules/mule-module-annotations/3.1.1/mule-module-annotations-3.1.1.jar:/tmp/absrule/cglib/cglib-nodep/2.2/cglib-nodep-2.2.jar:/tmp/absrule/org/springframework/spring-context/3.0.3.RELEASE/spring-context-3.0.3.RELEASE.jar:/tmp/absrule/org/springframework/spring-aop/3.0.3.RELEASE/spring-aop-3.0.3.RELEASE.jar:/tmp/absrule/org/springframework/spring-asm/3.0.3.RELEASE/spring-asm-3.0.3.RELEASE.jar:/tmp/absrule/org/springframework/spring-beans/3.0.3.RELEASE/spring-beans-3.0.3.RELEASE.jar:/tmp/absrule/org/springframework/spring-core/3.0.3.RELEASE/spring-core-3.0.3.RELEASE.jar:/tmp/absrule/org/springframework/spring-expression/3.0.3.RELEASE/spring-expression-3.0.3.RELEASE.jar:/tmp/absrule/dom4j/dom4j/1.6.1-osgi/dom4j-1.6.1-osgi.jar:/tmp/absrule/jaxen/jaxen/1.1.1-osgi/jaxen-1.1.1-osgi.jar:/tmp/absrule/jdom/jdom/1.0/jdom-1.0.jar:/tmp/absrule/org/apache/geronimo/specs/geronimo-stax-api_1.0_spec/1.0.1/geronimo-stax-api_1.0_spec-1.0.1.jar:/tmp/absrule/commons-jxpath/commons-jxpath/1.3-osgi/commons-jxpath-1.3-osgi.jar:/tmp/absrule/com/thoughtworks/xstream/xstream/1.2.2-osgi/xstream-1.2.2-osgi.jar:/tmp/absrule/xpp3/xpp3_min/1.1.3.4.O-osgi/xpp3_min-1.1.3.4.O-osgi.jar:/tmp/absrule/joda-time/joda-time/1.6/joda-time-1.6.jar:/tmp/absrule/org/codehaus/woodstox/woodstox-core-asl/4.0.8/woodstox-core-asl-4.0.8.jar:/tmp/absrule/org/codehaus/woodstox/stax2-api/3.0.2/stax2-api-3.0.2.jar:/tmp/absrule/net/java/dev/stax-utils/stax-utils/20080702-osgi/stax-utils-20080702-osgi.jar:/tmp/absrule/net/sf/saxon/saxon/8.9.0.4-osgi/saxon-8.9.0.4-osgi.jar:/tmp/absrule/net/sf/saxon/saxon-dom/8.9.0.4-osgi/saxon-dom-8.9.0.4-osgi.jar:/tmp/absrule/net/sf/saxon/saxon-xqj/8.9.0.4/saxon-xqj-8.9.0.4.jar:/tmp/absrule/javax/xml/bind/jaxb-api/2.1/jaxb-api-2.1.jar:/tmp/absrule/com/sun/xml/bind/jaxb-impl/2.1.5/jaxb-impl-2.1.5.jar:/tmp/absrule/com/modeltwozero/absolute/redist/nrl-javaruntime/1.5.2/nrl-javaruntime-1.5.2.jar:/tmp/absrule/org/mule/tests/mule-tests-functional/3.1.1/mule-tests-functional-3.1.1.jar:/tmp/absrule/org/mule/mule-core/3.1.1/mule-core-3.1.1-tests.jar:/tmp/absrule/org/mule/modules/mule-module-client/3.1.1/mule-module-client-3.1.1.jar:/tmp/absrule/org/mule/modules/mule-module-scripting/3.1.1/mule-module-scripting-3.1.1.jar:/tmp/absrule/org/mule/modules/mule-module-builders/3.1.1/mule-module-builders-3.1.1.jar:/tmp/absrule/org/springframework/spring-web/3.0.3.RELEASE/spring-web-3.0.3.RELEASE.jar:/tmp/absrule/aopalliance/aopalliance/1.0/aopalliance-1.0.jar:/tmp/absrule/org/livetribe/livetribe-jsr223/2.0.5/livetribe-jsr223-2.0.5.jar:/tmp/absrule/org/codehaus/groovy/groovy-all/1.6.7/groovy-all-1.6.7.jar:"/>
    <property name="java.specification.name" value="Java Platform API Specification"/>
    <property name="java.class.version" value="50.0"/>
    <property name="sun.management.compiler" value="HotSpot 64-Bit Server Compiler"/>
    <property name="os.version" value="10.6.4"/>
    <property name="http.nonProxyHosts" value="local|*.local|169.254/16|*.169.254/16"/>
    <property name="user.home" value="/Users/estebanroblesluna"/>
    <property name="user.timezone" value="Europe/London"/>
    <property name="java.awt.printerjob" value="apple.awt.CPrinterJob"/>
    <property name="java.specification.version" value="1.6"/>
    <property name="file.encoding" value="MacRoman"/>
    <property name="user.name" value="estebanroblesluna"/>
    <property name="java.class.path" value="/Users/estebanroblesluna/Documents/workspaceActivitiGIT/whatisongithub/mule-module-absoluterule-examples/mule-module-absoluterule-validation/target/test-classes:/Users/estebanroblesluna/Documents/workspaceActivitiGIT/whatisongithub/mule-module-absoluterule-examples/mule-module-absoluterule-validation/target/classes:/tmp/absrule/org/mule/modules/mule-module-absoluterule/3.1.1/mule-module-absoluterule-3.1.1.jar:/tmp/absrule/org/mule/mule-core/3.1.1/mule-core-3.1.1.jar:/tmp/absrule/commons-beanutils/commons-beanutils/1.8.0/commons-beanutils-1.8.0.jar:/tmp/absrule/org/safehaus/jug/jug/2.0.0/jug-2.0.0-asl.jar:/tmp/absrule/backport-util-concurrent/backport-util-concurrent/3.1-osgi/backport-util-concurrent-3.1-osgi.jar:/tmp/absrule/commons-cli/commons-cli/1.2/commons-cli-1.2.jar:/tmp/absrule/commons-collections/commons-collections/3.2.1/commons-collections-3.2.1.jar:/tmp/absrule/commons-io/commons-io/1.4/commons-io-1.4.jar:/tmp/absrule/commons-lang/commons-lang/2.4/commons-lang-2.4.jar:/tmp/absrule/commons-pool/commons-pool/1.5.3/commons-pool-1.5.3.jar:/tmp/absrule/javax/activation/activation/1.1-osgi/activation-1.1-osgi.jar:/tmp/absrule/org/apache/geronimo/specs/geronimo-jta_1.0.1B_spec/1.1-osgi/geronimo-jta_1.0.1B_spec-1.1-osgi.jar:/tmp/absrule/org/apache/geronimo/specs/geronimo-j2ee-connector_1.5_spec/1.1-osgi/geronimo-j2ee-connector_1.5_spec-1.1-osgi.jar:/tmp/absrule/javax/annotation/jsr250-api/1.0/jsr250-api-1.0.jar:/tmp/absrule/org/slf4j/jcl-over-slf4j/1.6.1/jcl-over-slf4j-1.6.1.jar:/tmp/absrule/org/slf4j/slf4j-api/1.6.1/slf4j-api-1.6.1.jar:/tmp/absrule/org/slf4j/slf4j-log4j12/1.6.1/slf4j-log4j12-1.6.1.jar:/tmp/absrule/log4j/log4j/1.2.14/log4j-1.2.14.jar:/tmp/absrule/asm/asm/3.1/asm-3.1.jar:/tmp/absrule/asm/asm-commons/3.1/asm-commons-3.1.jar:/tmp/absrule/asm/asm-tree/3.1/asm-tree-3.1.jar:/tmp/absrule/junit/junit/4.8.1/junit-4.8.1.jar:/tmp/absrule/org/mule/transports/mule-transport-vm/3.1.1/mule-transport-vm-3.1.1.jar:/tmp/absrule/org/mule/modules/mule-module-xml/3.1.1/mule-module-xml-3.1.1.jar:/tmp/absrule/org/mule/modules/mule-module-spring-config/3.1.1/mule-module-spring-config-3.1.1.jar:/tmp/absrule/org/mule/modules/mule-module-annotations/3.1.1/mule-module-annotations-3.1.1.jar:/tmp/absrule/cglib/cglib-nodep/2.2/cglib-nodep-2.2.jar:/tmp/absrule/org/springframework/spring-context/3.0.3.RELEASE/spring-context-3.0.3.RELEASE.jar:/tmp/absrule/org/springframework/spring-aop/3.0.3.RELEASE/spring-aop-3.0.3.RELEASE.jar:/tmp/absrule/org/springframework/spring-asm/3.0.3.RELEASE/spring-asm-3.0.3.RELEASE.jar:/tmp/absrule/org/springframework/spring-beans/3.0.3.RELEASE/spring-beans-3.0.3.RELEASE.jar:/tmp/absrule/org/springframework/spring-core/3.0.3.RELEASE/spring-core-3.0.3.RELEASE.jar:/tmp/absrule/org/springframework/spring-expression/3.0.3.RELEASE/spring-expression-3.0.3.RELEASE.jar:/tmp/absrule/dom4j/dom4j/1.6.1-osgi/dom4j-1.6.1-osgi.jar:/tmp/absrule/jaxen/jaxen/1.1.1-osgi/jaxen-1.1.1-osgi.jar:/tmp/absrule/jdom/jdom/1.0/jdom-1.0.jar:/tmp/absrule/org/apache/geronimo/specs/geronimo-stax-api_1.0_spec/1.0.1/geronimo-stax-api_1.0_spec-1.0.1.jar:/tmp/absrule/commons-jxpath/commons-jxpath/1.3-osgi/commons-jxpath-1.3-osgi.jar:/tmp/absrule/com/thoughtworks/xstream/xstream/1.2.2-osgi/xstream-1.2.2-osgi.jar:/tmp/absrule/xpp3/xpp3_min/1.1.3.4.O-osgi/xpp3_min-1.1.3.4.O-osgi.jar:/tmp/absrule/joda-time/joda-time/1.6/joda-time-1.6.jar:/tmp/absrule/org/codehaus/woodstox/woodstox-core-asl/4.0.8/woodstox-core-asl-4.0.8.jar:/tmp/absrule/org/codehaus/woodstox/stax2-api/3.0.2/stax2-api-3.0.2.jar:/tmp/absrule/net/java/dev/stax-utils/stax-utils/20080702-osgi/stax-utils-20080702-osgi.jar:/tmp/absrule/net/sf/saxon/saxon/8.9.0.4-osgi/saxon-8.9.0.4-osgi.jar:/tmp/absrule/net/sf/saxon/saxon-dom/8.9.0.4-osgi/saxon-dom-8.9.0.4-osgi.jar:/tmp/absrule/net/sf/saxon/saxon-xqj/8.9.0.4/saxon-xqj-8.9.0.4.jar:/tmp/absrule/javax/xml/bind/jaxb-api/2.1/jaxb-api-2.1.jar:/tmp/absrule/com/sun/xml/bind/jaxb-impl/2.1.5/jaxb-impl-2.1.5.jar:/tmp/absrule/com/modeltwozero/absolute/redist/nrl-javaruntime/1.5.2/nrl-javaruntime-1.5.2.jar:/tmp/absrule/org/mule/tests/mule-tests-functional/3.1.1/mule-tests-functional-3.1.1.jar:/tmp/absrule/org/mule/mule-core/3.1.1/mule-core-3.1.1-tests.jar:/tmp/absrule/org/mule/modules/mule-module-client/3.1.1/mule-module-client-3.1.1.jar:/tmp/absrule/org/mule/modules/mule-module-scripting/3.1.1/mule-module-scripting-3.1.1.jar:/tmp/absrule/org/mule/modules/mule-module-builders/3.1.1/mule-module-builders-3.1.1.jar:/tmp/absrule/org/springframework/spring-web/3.0.3.RELEASE/spring-web-3.0.3.RELEASE.jar:/tmp/absrule/aopalliance/aopalliance/1.0/aopalliance-1.0.jar:/tmp/absrule/org/livetribe/livetribe-jsr223/2.0.5/livetribe-jsr223-2.0.5.jar:/tmp/absrule/org/codehaus/groovy/groovy-all/1.6.7/groovy-all-1.6.7.jar:"/>
    <property name="java.vm.specification.version" value="1.0"/>
    <property name="sun.arch.data.model" value="64"/>
    <property name="java.home" value="/System/Library/Frameworks/JavaVM.framework/Versions/1.6.0/Home"/>
    <property name="java.specification.vendor" value="Sun Microsystems Inc."/>
    <property name="user.language" value="en"/>
    <property name="awt.toolkit" value="apple.awt.CToolkit"/>
    <property name="java.vm.info" value="mixed mode"/>
    <property name="java.version" value="1.6.0_15"/>
    <property name="java.ext.dirs" value="/Library/Java/Extensions:/System/Library/Java/Extensions:/System/Library/Frameworks/JavaVM.framework/Versions/1.6.0/Home/lib/ext"/>
    <property name="sun.boot.class.path" value="/System/Library/Frameworks/JavaVM.framework/Versions/1.6.0/Classes/jsfd.jar:/System/Library/Frameworks/JavaVM.framework/Versions/1.6.0/Classes/classes.jar:/System/Library/Frameworks/JavaVM.framework/Frameworks/JavaRuntimeSupport.framework/Resources/Java/JavaRuntimeSupport.jar:/System/Library/Frameworks/JavaVM.framework/Versions/1.6.0/Classes/ui.jar:/System/Library/Frameworks/JavaVM.framework/Versions/1.6.0/Classes/laf.jar:/System/Library/Frameworks/JavaVM.framework/Versions/1.6.0/Classes/sunrsasign.jar:/System/Library/Frameworks/JavaVM.framework/Versions/1.6.0/Classes/jsse.jar:/System/Library/Frameworks/JavaVM.framework/Versions/1.6.0/Classes/jce.jar:/System/Library/Frameworks/JavaVM.framework/Versions/1.6.0/Classes/charsets.jar"/>
    <property name="java.vendor" value="Apple Inc."/>
    <property name="localRepository" value="/tmp/absrule"/>
    <property name="file.separator" value="/"/>
    <property name="java.vendor.url.bug" value="http://bugreport.apple.com/"/>
    <property name="sun.cpu.endian" value="little"/>
    <property name="sun.io.unicode.encoding" value="UnicodeLittle"/>
    <property name="mrj.version" value="1060.1.6.0_15-219"/>
    <property name="socksNonProxyHosts" value="local|*.local|169.254/16|*.169.254/16"/>
    <property name="mule.encoding" value="UTF-8"/>
    <property name="ftp.nonProxyHosts" value="local|*.local|169.254/16|*.169.254/16"/>
    <property name="sun.cpu.isalist" value=""/>
  </properties>
  <testcase time="5.098" classname="org.mule.absoluterule.examples.validation.ValidationTestCase" name="testValidation"/>
</testsuite>